{"/Users/Sola/Desktop/Git/exercise2/lib/add.js":{"path":"/Users/Sola/Desktop/Git/exercise2/lib/add.js","s":{"1":1,"2":2,"3":2,"4":2,"5":0,"6":2,"7":2,"8":23,"9":23,"10":23,"11":4,"12":19,"13":2,"14":2,"15":1},"b":{"1":[0,2],"2":[23,0],"3":[4,19],"4":[2,1]},"f":{"1":2},"fnMap":{"1":{"name":"add","line":1,"loc":{"start":{"line":1,"column":0},"end":{"line":1,"column":25}}}},"statementMap":{"1":{"start":{"line":1,"column":0},"end":{"line":26,"column":1}},"2":{"start":{"line":5,"column":4},"end":{"line":5,"column":36}},"3":{"start":{"line":6,"column":4},"end":{"line":6,"column":36}},"4":{"start":{"line":8,"column":4},"end":{"line":10,"column":5}},"5":{"start":{"line":9,"column":8},"end":{"line":9,"column":37}},"6":{"start":{"line":12,"column":4},"end":{"line":12,"column":21}},"7":{"start":{"line":14,"column":4},"end":{"line":22,"column":5}},"8":{"start":{"line":15,"column":8},"end":{"line":15,"column":63}},"9":{"start":{"line":16,"column":8},"end":{"line":16,"column":27}},"10":{"start":{"line":17,"column":8},"end":{"line":21,"column":9}},"11":{"start":{"line":18,"column":12},"end":{"line":18,"column":21}},"12":{"start":{"line":20,"column":12},"end":{"line":20,"column":21}},"13":{"start":{"line":24,"column":4},"end":{"line":24,"column":30}},"14":{"start":{"line":25,"column":4},"end":{"line":25,"column":34}},"15":{"start":{"line":28,"column":0},"end":{"line":28,"column":20}}},"branchMap":{"1":{"line":8,"type":"if","locations":[{"start":{"line":8,"column":4},"end":{"line":8,"column":4}},{"start":{"line":8,"column":4},"end":{"line":8,"column":4}}]},"2":{"line":15,"type":"binary-expr","locations":[{"start":{"line":15,"column":33},"end":{"line":15,"column":48}},{"start":{"line":15,"column":52},"end":{"line":15,"column":53}}]},"3":{"line":17,"type":"if","locations":[{"start":{"line":17,"column":8},"end":{"line":17,"column":8}},{"start":{"line":17,"column":8},"end":{"line":17,"column":8}}]},"4":{"line":24,"type":"binary-expr","locations":[{"start":{"line":24,"column":4},"end":{"line":24,"column":14}},{"start":{"line":24,"column":18},"end":{"line":24,"column":30}}]}}}}